
Showing logs for build [32mcb-kubecd-bdd-gh-1587140930-mas-qpj2l-1[0m stage [32mfrom-build-pack[0m and container [32mstep-credential-initializer-nv5kr[0m
{"level":"warn","ts":1587141086.9297106,"logger":"fallback-logger","caller":"logging/config.go:69","msg":"Fetch GitHub commit ID from kodata failed: \"ref: refs/heads/0.8.0-**-support-backwards-incompats\" is not a valid GitHub commit ID"}
{"level":"info","ts":1587141086.9301622,"logger":"fallback-logger","caller":"creds-init/main.go:40","msg":"Credentials initialized."}

Showing logs for build [32mcb-kubecd-bdd-gh-1587140930-mas-qpj2l-1[0m stage [32mfrom-build-pack[0m and container [32mstep-working-dir-initializer-c8pxk[0m
{"level":"warn","ts":1587141087.931913,"logger":"fallback-logger","caller":"logging/config.go:69","msg":"Fetch GitHub commit ID from kodata failed: open /var/run/ko/HEAD: no such file or directory"}
{"level":"info","ts":1587141087.9330492,"logger":"fallback-logger","caller":"bash/main.go:64","msg":"Successfully executed command \"sh -c mkdir -p /workspace/source\"; output "}

Showing logs for build [32mcb-kubecd-bdd-gh-1587140930-mas-qpj2l-1[0m stage [32mfrom-build-pack[0m and container [32mstep-place-tools[0m

Showing logs for build [32mcb-kubecd-bdd-gh-1587140930-mas-qpj2l-1[0m stage [32mfrom-build-pack[0m and container [32mstep-git-source-cb-kubecd-bdd-gh-1587140930-mas-qpj2l-z7n6b[0m
{"level":"warn","ts":1587141169.7668142,"logger":"fallback-logger","caller":"logging/config.go:69","msg":"Fetch GitHub commit ID from kodata failed: \"ref: refs/heads/0.8.0-**-support-backwards-incompats\" is not a valid GitHub commit ID"}
{"level":"info","ts":1587141171.3573217,"logger":"fallback-logger","caller":"git/git.go:103","msg":"Successfully cloned https://github.com/cb-kubecd/bdd-gh-1587140930.git @ v0.0.1 in path /workspace/source"}

Showing logs for build [32mcb-kubecd-bdd-gh-1587140930-mas-qpj2l-1[0m stage [32mfrom-build-pack[0m and container [32mstep-git-merge[0m
Using SHAs from PULL_REFS=master:
WARNING: no SHAs to merge, falling back to initial cloned commit

Showing logs for build [32mcb-kubecd-bdd-gh-1587140930-mas-qpj2l-1[0m stage [32mfrom-build-pack[0m and container [32mstep-setup-jx-git-credentials[0m
Generated Git credentials file /workspace/xdg_config/git/credentials

Showing logs for build [32mcb-kubecd-bdd-gh-1587140930-mas-qpj2l-1[0m stage [32mfrom-build-pack[0m and container [32mstep-build-make-build[0m
CGO_ENABLED=0 GO15VENDOREXPERIMENT=1 go build -ldflags '' -o bin/bdd-gh-1587140930 main.go

Showing logs for build [32mcb-kubecd-bdd-gh-1587140930-mas-qpj2l-1[0m stage [32mfrom-build-pack[0m and container [32mstep-build-container-build[0m
ERROR: logging before flag.Parse: E0417 16:33:02.134265      11 metadata.go:241] Failed to unmarshal scopes: invalid character 'h' looking for beginning of value
[36mINFO[0m[0000] No base image, nothing to extract            
[36mINFO[0m[0000] cmd: EXPOSE                                  
[36mINFO[0m[0000] Adding exposed port: 8080/tcp                
[36mINFO[0m[0000] Using files from context: [/workspace/source/bin] 
[36mINFO[0m[0000] Skipping unpacking as no commands require it. 
[36mINFO[0m[0000] Taking snapshot of full filesystem...        
[36mINFO[0m[0000] EXPOSE 8080                                  
[36mINFO[0m[0000] cmd: EXPOSE                                  
[36mINFO[0m[0000] Adding exposed port: 8080/tcp                
[36mINFO[0m[0000] No files changed in this command, skipping snapshotting. 
[36mINFO[0m[0000] ENTRYPOINT ["/bdd-gh-1587140930"]            
[36mINFO[0m[0000] No files changed in this command, skipping snapshotting. 
[36mINFO[0m[0000] Using files from context: [/workspace/source/bin] 
[36mINFO[0m[0000] COPY ./bin/ /                                
[36mINFO[0m[0000] Taking snapshot of files...                  
2020/04/17 16:33:06 pushed blob: sha256:1f8d6bd45c21df9e5d18a3be5223414e799ae3a9690fccbfcadf1ddfca320274
2020/04/17 16:33:06 pushed blob: sha256:5fd2f1396748c730bb3b228d97256bdc7999749034ebddcc027d6c5d0891901b
2020/04/17 16:33:07 gcr.io/jenkins-x-labs-bdd/bdd-gh-1587140930:0.0.1: digest: sha256:56f6e71062f9e506eaf0c2e8ba6bdf01e4ec78b23875a01d66cdfb34285b326a size: 428

Showing logs for build [32mcb-kubecd-bdd-gh-1587140930-mas-qpj2l-1[0m stage [32mfrom-build-pack[0m and container [32mstep-build-post-build[0m
no CVE provider running in the current ** namespace so skip adding image to be analysed

Showing logs for build [32mcb-kubecd-bdd-gh-1587140930-mas-qpj2l-1[0m stage [32mfrom-build-pack[0m and container [32mstep-promote-changelog[0m
Converted /workspace/source/charts/bdd-gh-1587140930 to an unshallow repository
Generating change log from git ref ff8870e783a7918646f8e051447c665b98d7a83a => de669cd24cca5c4ef029db15be12bfa9beaebf72
Associating user x-0 in users.jenkins.io with email jenkins-x-*****@googlegroups.com to git GitProvider user with login -0 as emails match
Adding label jenkins.io/git-github-userid=-0 to user x-0 in users.jenkins.io
WARNING: Failed to enrich commit 5077dc1a99863ae57ab4b17eba81650bccc16702 with issues: User.jenkins.io "x-0" is invalid: metadata.labels: Invalid value: "-0": a valid label must be an empty string or consist of alphanumeric characters, '-', '_' or '.', and must start and end with an alphanumeric character (e.g. 'MyValue',  or 'my_value',  or '12345', regex used for validation is '(([A-Za-z0-9][-A-Za-z0-9_.]*)?[A-Za-z0-9])?')
Finding issues in commit messages using git format
WARNING: No release found for cb-kubecd/bdd-gh-1587140930 and tag v0.0.1 so creating a new release
Updated the release information at https://github.com/cb-kubecd/bdd-gh-1587140930/releases/tag/v0.0.1
generated: /workspace/source/charts/bdd-gh-1587140930/templates/release.yaml
Created Release bdd-gh-1587140930-0-0-1 resource in namespace **
Updating PipelineActivity cb-kubecd-bdd-gh-1587140930-master-1 with version 0.0.1
Updated PipelineActivities cb-kubecd-bdd-gh-1587140930-master-1 with release notes URL: https://github.com/cb-kubecd/bdd-gh-1587140930/releases/tag/v0.0.1

Showing logs for build [32mcb-kubecd-bdd-gh-1587140930-mas-qpj2l-1[0m stage [32mfrom-build-pack[0m and container [32mstep-promote-helm-release[0m
WARNING: No $CHART_REPOSITORY defined so using the default value of: http://jenkins-x-chartmuseum:8080
Adding missing Helm repo: storage.googleapis.com https://storage.googleapis.com/chartmuseum.jenkins-x.io
Successfully added Helm repository storage.googleapis.com.
Adding missing Helm repo: jenkins-x-chartmuseum http://jenkins-x-chartmuseum:8080
Successfully added Helm repository jenkins-x-chartmuseum.
WARNING: No $CHART_REPOSITORY defined so using the default value of: http://jenkins-x-chartmuseum:8080
Uploading chart file bdd-gh-1587140930-0.0.1.tgz to http://jenkins-x-chartmuseum:8080/api/charts
Received 201 response: {"saved":true}

Showing logs for build [32mcb-kubecd-bdd-gh-1587140930-mas-qpj2l-1[0m stage [32mfrom-build-pack[0m and container [32mstep-promote-jx-promote[0m
WARNING: prow based install so skip waiting for the merge of Pull Requests to go green as currently there is an issue with gettingstatuses from the PR, see https://github.com/jenkins-x/**/issues/2410
WARNING: No $CHART_REPOSITORY defined so using the default value of: http://jenkins-x-chartmuseum:8080
Promoting app bdd-gh-1587140930 version 0.0.1 to namespace **-staging
WARNING: could not find upstream git URL failed to unmarshal  due to no GitConfDir defined
Created Pull Request: https://github.com/cb-kubecd/environment-pr-1-41-bdd-gke-staging/pull/1
Added label updatebot to Pull Request https://github.com/cb-kubecd/environment-pr-1-41-bdd-gke-staging/pull/1
WARNING: Failed to query the Pull Request last commit status for https://github.com/cb-kubecd/environment-pr-1-41-bdd-gke-staging/pull/1 ref fc4783c114de5d1cbc5eb3ed966d2c8e72f8747d Could not find a status for repository cb-kubecd/environment-pr-1-41-bdd-gke-staging with ref fc4783c114de5d1cbc5eb3ed966d2c8e72f8747d
got git provider status pending from PR https://github.com/cb-kubecd/environment-pr-1-41-bdd-gke-staging/pull/1
got git provider status pending from PR https://github.com/cb-kubecd/environment-pr-1-41-bdd-gke-staging/pull/1
got git provider status pending from PR https://github.com/cb-kubecd/environment-pr-1-41-bdd-gke-staging/pull/1
Pull Request https://github.com/cb-kubecd/environment-pr-1-41-bdd-gke-staging/pull/1 is merged at sha 778d10ebdb269500967184587187aaad1fe0512a
Pull Request merged but we are not waiting for the update pipeline to complete!
WARNING: Could not find the service URL in namespace **-staging for names bdd-gh-1587140930, **-bdd-gh-1587140930, **-staging-bdd-gh-1587140930
