
Showing logs for build [32mcb-kubecd-bdd-gh-1587140930-pr-ldvj5-1[0m stage [32mfrom-build-pack[0m and container [32mstep-credential-initializer-shxcw[0m
{"level":"warn","ts":1587141451.3294718,"logger":"fallback-logger","caller":"logging/config.go:69","msg":"Fetch GitHub commit ID from kodata failed: \"ref: refs/heads/0.8.0-**-support-backwards-incompats\" is not a valid GitHub commit ID"}
{"level":"info","ts":1587141451.3300273,"logger":"fallback-logger","caller":"creds-init/main.go:40","msg":"Credentials initialized."}

Showing logs for build [32mcb-kubecd-bdd-gh-1587140930-pr-ldvj5-1[0m stage [32mfrom-build-pack[0m and container [32mstep-working-dir-initializer-pjqql[0m
{"level":"warn","ts":1587141452.379196,"logger":"fallback-logger","caller":"logging/config.go:69","msg":"Fetch GitHub commit ID from kodata failed: open /var/run/ko/HEAD: no such file or directory"}
{"level":"info","ts":1587141452.382122,"logger":"fallback-logger","caller":"bash/main.go:64","msg":"Successfully executed command \"sh -c mkdir -p /workspace/source\"; output "}

Showing logs for build [32mcb-kubecd-bdd-gh-1587140930-pr-ldvj5-1[0m stage [32mfrom-build-pack[0m and container [32mstep-place-tools[0m

Showing logs for build [32mcb-kubecd-bdd-gh-1587140930-pr-ldvj5-1[0m stage [32mfrom-build-pack[0m and container [32mstep-git-source-cb-kubecd-bdd-gh-1587140930-pr-ldvj5-2rphp[0m
{"level":"warn","ts":1587141458.6155968,"logger":"fallback-logger","caller":"logging/config.go:69","msg":"Fetch GitHub commit ID from kodata failed: \"ref: refs/heads/0.8.0-**-support-backwards-incompats\" is not a valid GitHub commit ID"}
{"level":"info","ts":1587141459.6968255,"logger":"fallback-logger","caller":"git/git.go:103","msg":"Successfully cloned https://github.com/cb-kubecd/bdd-gh-1587140930.git @ master in path /workspace/source"}

Showing logs for build [32mcb-kubecd-bdd-gh-1587140930-pr-ldvj5-1[0m stage [32mfrom-build-pack[0m and container [32mstep-git-merge[0m
Using SHAs from PULL_REFS=master:5077dc1a99863ae57ab4b17eba81650bccc16702,1:0bc90828e82d0297c4634e3379d8a29e9e4a938f
DEBUG: LC_ALL=C JX_LOG_LEVEL=error git fetch origin --unshallow 0bc90828e82d0297c4634e3379d8a29e9e4a938f: 5077dc1a99863ae57ab4b17eba81650bccc16702:
DEBUG: ran git fetch --unshallow origin 0bc90828e82d0297c4634e3379d8a29e9e4a938f: 5077dc1a99863ae57ab4b17eba81650bccc16702: in 
DEBUG: LC_ALL=C JX_LOG_LEVEL=error git branch
DEBUG: LC_ALL=C JX_LOG_LEVEL=error git checkout master
DEBUG: ran git checkout master in 
DEBUG: LC_ALL=C JX_LOG_LEVEL=error git reset --hard 5077dc1a99863ae57ab4b17eba81650bccc16702
DEBUG: ran git reset --hard 5077dc1a99863ae57ab4b17eba81650bccc16702 in 
DEBUG: LC_ALL=C JX_LOG_LEVEL=error git clean -fd .
DEBUG: ran clean --force -d . in 
DEBUG: LC_ALL=C JX_LOG_LEVEL=error git merge 0bc90828e82d0297c4634e3379d8a29e9e4a938f
DEBUG: ran git merge 0bc90828e82d0297c4634e3379d8a29e9e4a938f in 
DEBUG: LC_ALL=C JX_LOG_LEVEL=error git log --format=%H%x1f%an%x1f%ae%x1f%cn%x1f%ce%x1f%s%n%b%x1e 5077dc1a99863ae57ab4b17eba81650bccc16702..HEAD
Merged SHA 0bc90828e82d0297c4634e3379d8a29e9e4a938f with commit message 'My first PR commit' into base branch master

Showing logs for build [32mcb-kubecd-bdd-gh-1587140930-pr-ldvj5-1[0m stage [32mfrom-build-pack[0m and container [32mstep-build-make-linux[0m
CGO_ENABLED=0 GOOS=linux GOARCH=amd64 GO15VENDOREXPERIMENT=1 go build -ldflags '' -o bin/bdd-gh-1587140930 main.go

Showing logs for build [32mcb-kubecd-bdd-gh-1587140930-pr-ldvj5-1[0m stage [32mfrom-build-pack[0m and container [32mstep-build-container-build[0m
ERROR: logging before flag.Parse: E0417 16:37:46.424096      11 metadata.go:241] Failed to unmarshal scopes: invalid character 'h' looking for beginning of value
[36mINFO[0m[0000] No base image, nothing to extract            
[36mINFO[0m[0000] cmd: EXPOSE                                  
[36mINFO[0m[0000] Adding exposed port: 8080/tcp                
[36mINFO[0m[0000] Using files from context: [/workspace/source/bin] 
[36mINFO[0m[0000] Skipping unpacking as no commands require it. 
[36mINFO[0m[0000] Taking snapshot of full filesystem...        
[36mINFO[0m[0000] EXPOSE 8080                                  
[36mINFO[0m[0000] cmd: EXPOSE                                  
[36mINFO[0m[0000] Adding exposed port: 8080/tcp                
[36mINFO[0m[0000] No files changed in this command, skipping snapshotting. 
[36mINFO[0m[0000] ENTRYPOINT ["/bdd-gh-1587140930"]            
[36mINFO[0m[0000] No files changed in this command, skipping snapshotting. 
[36mINFO[0m[0000] Using files from context: [/workspace/source/bin] 
[36mINFO[0m[0000] COPY ./bin/ /                                
[36mINFO[0m[0000] Taking snapshot of files...                  
2020/04/17 16:37:50 pushed blob: sha256:db8a2e99b74f6d424015f525caa8ade9ced808632f42575e0259cd9b095cd98a
2020/04/17 16:37:50 pushed blob: sha256:7cb2b21f4bba24338fa629973a3a4625e9dab05b7f1f009f351a4e88ee2d7060
2020/04/17 16:37:52 gcr.io/jenkins-x-labs-bdd/bdd-gh-1587140930:0.0.0-SNAPSHOT-PR-1-1: digest: sha256:cd9e62f38d745bc3aa6486139b93af4d70869a7e798b172e67674efb746b3844 size: 428

Showing logs for build [32mcb-kubecd-bdd-gh-1587140930-pr-ldvj5-1[0m stage [32mfrom-build-pack[0m and container [32mstep-postbuild-post-build[0m
no CVE provider running in the current ** namespace so skip adding image to be analysed

Showing logs for build [32mcb-kubecd-bdd-gh-1587140930-pr-ldvj5-1[0m stage [32mfrom-build-pack[0m and container [32mstep-promote-make-preview[0m
sed -i -e "s/version:.*/version: 0.0.0-SNAPSHOT-PR-1-1/" Chart.yaml
sed -i -e "s/version:.*/version: 0.0.0-SNAPSHOT-PR-1-1/" ../*/Chart.yaml
sed -i -e "s|repository:.*|repository: gcr.io\/jenkins-x-labs-bdd\/bdd-gh-1587140930|" values.yaml
sed -i -e "s/tag:.*/tag: 0.0.0-SNAPSHOT-PR-1-1/" values.yaml
echo "  version: 0.0.0-SNAPSHOT-PR-1-1" >> requirements.yaml
** step helm build
WARNING: No $CHART_REPOSITORY defined so using the default value of: http://jenkins-x-chartmuseum:8080
Adding missing Helm repo: storage.googleapis.com https://storage.googleapis.com/chartmuseum.jenkins-x.io
Successfully added Helm repository storage.googleapis.com.
Adding missing Helm repo: jenkins-x-chartmuseum http://jenkins-x-chartmuseum:8080
Successfully added Helm repository jenkins-x-chartmuseum.
WARNING: No $CHART_REPOSITORY defined so using the default value of: http://jenkins-x-chartmuseum:8080

Showing logs for build [32mcb-kubecd-bdd-gh-1587140930-pr-ldvj5-1[0m stage [32mfrom-build-pack[0m and container [32mstep-promote-jx-preview[0m
Creating a preview
Created environment cb-kubecd-bdd-gh-1587140930-pr-1
Namespace **-cb-kubecd-bdd-gh-1587140930-pr-1 created 
expose:
  Annotations:
    helm.sh/hook: post-install,post-upgrade
    helm.sh/hook-delete-policy: hook-succeeded
  config:
    domain: 35.195.208.210.nip.io
    exposer: Ingress
    http: "true"
preview:
  image:
    repository: gcr.io/jenkins-x-labs-bdd/bdd-gh-1587140930
    tag: 0.0.0-SNAPSHOT-PR-1-1
adding helm values file /workspace/source/charts/preview/**Requirements.values.yaml for namespace **-cb-kubecd-bdd-gh-1587140930-pr-1
Updating PipelineActivities cb-kubecd-bdd-gh-1587140930-pr-1-1 which has status Running
Preview application is now available at: http://bdd-gh-1587140930-**-cb-kubecd-bdd-gh-1587140930-pr-1.35.195.208.210.nip.io
